<?xml version="1.0" encoding="UTF-8"?>
<!-- Generated by org.testng.reporters.JUnitReportReporter -->
<testsuite hostname="DESKTOP-GIRVJLT" failures="0" tests="1" name="pageobjectmodel.AmazonTestCase" time="0.037" errors="0" timestamp="2024-01-29T20:01:54 IST" skipped="0">
  <testcase classname="pageobjectmodel.AmazonTestCase" name="m1" time="0.037"/>
</testsuite> <!-- pageobjectmodel.AmazonTestCase -->
