<?xml version="1.0" encoding="UTF-8"?>
<!-- Generated by org.testng.reporters.JUnitReportReporter -->
<testsuite hostname="DESKTOP-GIRVJLT" failures="0" tests="1" name="sanity.SanityTwo" time="0.008" errors="0" timestamp="2024-01-30T12:53:18 IST" skipped="0">
  <testcase classname="sanity.SanityTwo" name="saniTwo" time="0.008"/>
</testsuite> <!-- sanity.SanityTwo -->
