<?xml version="1.0" encoding="UTF-8"?>
<!-- Generated by org.testng.reporters.JUnitReportReporter -->
<testsuite hostname="DESKTOP-GIRVJLT" failures="0" tests="3" name="sanity.SanityOne" time="0.028" errors="0" timestamp="2024-01-30T19:43:38 IST" skipped="0">
  <testcase classname="sanity.SanityOne" name="rTest" time="0.018"/>
  <testcase classname="sanity.SanityOne" name="saniOne" time="0.003"/>
  <testcase classname="sanity.SanityOne" name="aTest" time="0.007"/>
</testsuite> <!-- sanity.SanityOne -->
