<?xml version="1.0" encoding="UTF-8"?>
<!-- Generated by org.testng.reporters.JUnitReportReporter -->
<testsuite hostname="DESKTOP-GIRVJLT" failures="0" tests="1" name="regression.RegressionOne" time="0.002" errors="0" timestamp="2024-01-30T12:53:18 IST" skipped="0">
  <testcase classname="regression.RegressionOne" name="regrOne" time="0.002"/>
</testsuite> <!-- regression.RegressionOne -->
