<?xml version="1.0" encoding="UTF-8"?>
<!-- Generated by org.testng.reporters.JUnitReportReporter -->
<testsuite hostname="DESKTOP-GIRVJLT" failures="0" tests="1" name="regression.RegressionTwo" time="0.003" errors="0" timestamp="2024-01-30T12:53:18 IST" skipped="0">
  <testcase classname="regression.RegressionTwo" name="regrTwo" time="0.003"/>
</testsuite> <!-- regression.RegressionTwo -->
