<?xml version="1.0" encoding="UTF-8"?>
<!-- Generated by org.testng.reporters.JUnitReportReporter -->
<testsuite hostname="DESKTOP-GIRVJLT" failures="0" tests="2" name="Demo.SeleniumProject.CarTest" time="0.020" errors="0" timestamp="2024-01-24T13:36:04 IST" skipped="0">
  <testcase classname="Demo.SeleniumProject.CarTest" name="Car1" time="0.018"/>
  <testcase classname="Demo.SeleniumProject.CarTest" name="Car2" time="0.002"/>
</testsuite> <!-- Demo.SeleniumProject.CarTest -->
