<?xml version="1.0" encoding="UTF-8"?>
<!-- Generated by org.testng.reporters.JUnitReportReporter -->
<testsuite hostname="DESKTOP-GIRVJLT" failures="0" tests="2" name="Demo.SeleniumProject.MobileTest" time="0.002" errors="0" timestamp="2024-01-24T13:36:04 IST" skipped="0">
  <testcase classname="Demo.SeleniumProject.MobileTest" name="Mobile2" time="0.001"/>
  <testcase classname="Demo.SeleniumProject.MobileTest" name="Mobile1" time="0.001"/>
</testsuite> <!-- Demo.SeleniumProject.MobileTest -->
